-------------------------------------------------------------------------------
Test set: br.com.uSolution.springbootapius.SpringBootApiUsApplicationTests
-------------------------------------------------------------------------------
Tests run: 1, Failures: 0, Errors: 1, Skipped: 0, Time elapsed: 7.597 s <<< FAILURE! - in br.com.uSolution.springbootapius.SpringBootApiUsApplicationTests
contextLoads  Time elapsed: 0.005 s  <<< ERROR!
java.lang.IllegalStateException: Failed to load ApplicationContext
Caused by: org.springframework.beans.factory.UnsatisfiedDependencyException: Error creating bean with name 'initation': Unsatisfied dependency expressed through field 'service'; nested exception is org.springframework.beans.factory.UnsatisfiedDependencyException: Error creating bean with name 'produtoService': Unsatisfied dependency expressed through field 'service'; nested exception is org.springframework.beans.factory.BeanCreationException: Error creating bean with name 'produtoRepository' defined in br.com.uSolution.springbootapius.Repositorys.ProdutoRepository defined in @EnableJpaRepositories declared on JpaRepositoriesRegistrar.EnableJpaRepositoriesConfiguration: Invocation of init method failed; nested exception is java.lang.IllegalArgumentException: Not a managed type: class br.com.uSolution.springbootapius.models.Produto
Caused by: org.springframework.beans.factory.UnsatisfiedDependencyException: Error creating bean with name 'produtoService': Unsatisfied dependency expressed through field 'service'; nested exception is org.springframework.beans.factory.BeanCreationException: Error creating bean with name 'produtoRepository' defined in br.com.uSolution.springbootapius.Repositorys.ProdutoRepository defined in @EnableJpaRepositories declared on JpaRepositoriesRegistrar.EnableJpaRepositoriesConfiguration: Invocation of init method failed; nested exception is java.lang.IllegalArgumentException: Not a managed type: class br.com.uSolution.springbootapius.models.Produto
Caused by: org.springframework.beans.factory.BeanCreationException: Error creating bean with name 'produtoRepository' defined in br.com.uSolution.springbootapius.Repositorys.ProdutoRepository defined in @EnableJpaRepositories declared on JpaRepositoriesRegistrar.EnableJpaRepositoriesConfiguration: Invocation of init method failed; nested exception is java.lang.IllegalArgumentException: Not a managed type: class br.com.uSolution.springbootapius.models.Produto
Caused by: java.lang.IllegalArgumentException: Not a managed type: class br.com.uSolution.springbootapius.models.Produto

